GROUP,PACKAGE,CLASS,INSTRUCTION_MISSED,INSTRUCTION_COVERED,BRANCH_MISSED,BRANCH_COVERED,LINE_MISSED,LINE_COVERED,COMPLEXITY_MISSED,COMPLEXITY_COVERED,METHOD_MISSED,METHOD_COVERED
config-server,org.bremersee.configserver,WebSecurityProperties,307,150,75,5,7,21,46,20,6,20
config-server,org.bremersee.configserver,Application,5,147,0,0,2,38,1,3,1,3
config-server,org.bremersee.configserver,WebSecurityProperties.SimpleUser,118,30,23,1,4,9,20,4,8,4
config-server,org.bremersee.configserver,WebSecurityConfiguration,0,136,0,0,0,33,0,6,0,6
